<?xml version="1.0" encoding="utf-8"?><testsuites><testsuite name="pytest" errors="1" failures="9" skipped="0" tests="19" time="83.112" timestamp="2025-07-17T02:59:16.897097+08:00" hostname="fiji.local"><testcase classname="tests.test_webpages_playwright.TestLuckyGasWebpages" name="test_server_health" time="0.869" /><testcase classname="tests.test_webpages_playwright.TestLuckyGasWebpages" name="test_main_pages[page_info0]" time="0.071"><failure message="AssertionError: Page Homepage has no title&#10;assert '' != ''&#10; +  where '' = title()&#10; +    where title = &lt;Page url='http://localhost:8000/'&gt;.title">tests/test_webpages_playwright.py:80: in test_main_pages
    assert page.title() != "", f"Page {page_info['name']} has no title"
E   AssertionError: Page Homepage has no title
E   assert '' != ''
E    +  where '' = title()
E    +    where title = &lt;Page url='http://localhost:8000/'&gt;.title</failure></testcase><testcase classname="tests.test_webpages_playwright.TestLuckyGasWebpages" name="test_main_pages[page_info1]" time="2.228" /><testcase classname="tests.test_webpages_playwright.TestLuckyGasWebpages" name="test_api_documentation[api_info0]" time="1.110" /><testcase classname="tests.test_webpages_playwright.TestLuckyGasWebpages" name="test_api_documentation[api_info1]" time="12.207"><failure message="AssertionError: Locator expected to be visible&#10;Actual value: &lt;element(s) not found&gt; &#10;Call log:&#10;  - Expect &quot;to_be_visible&quot; with timeout 10000ms&#10;  - waiting for locator(&quot;#redoc&quot;)">tests/test_webpages_playwright.py:108: in test_api_documentation
    expect(page.locator("#redoc")).to_be_visible(timeout=10000)
E   AssertionError: Locator expected to be visible
E   Actual value: &lt;element(s) not found&gt; 
E   Call log:
E     - Expect "to_be_visible" with timeout 10000ms
E     - waiting for locator("#redoc")</failure></testcase><testcase classname="tests.test_webpages_playwright.TestLuckyGasWebpages" name="test_api_endpoints[api_endpoint0]" time="0.603" /><testcase classname="tests.test_webpages_playwright.TestLuckyGasWebpages" name="test_api_endpoints[api_endpoint1]" time="0.292" /><testcase classname="tests.test_webpages_playwright.TestLuckyGasWebpages" name="test_api_endpoints[api_endpoint2]" time="0.052" /><testcase classname="tests.test_webpages_playwright.TestLuckyGasWebpages" name="test_api_endpoints[api_endpoint3]" time="0.033" /><testcase classname="tests.test_webpages_playwright.TestLuckyGasWebpages" name="test_api_endpoints[api_endpoint4]" time="0.082" /><testcase classname="tests.test_webpages_playwright.TestLuckyGasWebpages" name="test_admin_dashboard_functionality" time="30.886"><failure message="playwright._impl._errors.TimeoutError: Locator.fill: Timeout 30000ms exceeded.&#10;Call log:&#10;  - waiting for locator(&quot;input[type='search'], input[placeholder*='搜尋']&quot;).first&#10;    - locator resolved to &lt;input type=&quot;text&quot; id=&quot;client-search&quot; placeholder=&quot;搜尋客戶名稱、地址或客戶編號...&quot; class=&quot;w-full px-4 py-2 border rounded focus:outline-none focus:border-blue-500&quot;/&gt;&#10;    - fill(&quot;test&quot;)&#10;  - attempting fill action&#10;    2 × waiting for element to be visible, enabled and editable&#10;      - element is not visible&#10;    - retrying fill action&#10;    - waiting 20ms&#10;    2 × waiting for element to be visible, enabled and editable&#10;      - element is not visible&#10;    - retrying fill action&#10;      - waiting 100ms&#10;    59 × waiting for element to be visible, enabled and editable&#10;       - element is not visible&#10;     - retrying fill action&#10;       - waiting 500ms">tests/test_webpages_playwright.py:154: in test_admin_dashboard_functionality
    search_input.fill("test")
.venv/lib/python3.12/site-packages/playwright/sync_api/_generated.py:15851: in fill
    self._sync(
.venv/lib/python3.12/site-packages/playwright/_impl/_locator.py:212: in fill
    return await self._frame.fill(self._selector, strict=True, **params)
.venv/lib/python3.12/site-packages/playwright/_impl/_frame.py:562: in fill
    await self._channel.send("fill", self._timeout, locals_to_params(locals()))
.venv/lib/python3.12/site-packages/playwright/_impl/_connection.py:69: in send
    return await self._connection.wrap_api_call(
.venv/lib/python3.12/site-packages/playwright/_impl/_connection.py:558: in wrap_api_call
    raise rewrite_error(error, f"{parsed_st['apiName']}: {error}") from None
E   playwright._impl._errors.TimeoutError: Locator.fill: Timeout 30000ms exceeded.
E   Call log:
E     - waiting for locator("input[type='search'], input[placeholder*='搜尋']").first
E       - locator resolved to &lt;input type="text" id="client-search" placeholder="搜尋客戶名稱、地址或客戶編號..." class="w-full px-4 py-2 border rounded focus:outline-none focus:border-blue-500"/&gt;
E       - fill("test")
E     - attempting fill action
E       2 × waiting for element to be visible, enabled and editable
E         - element is not visible
E       - retrying fill action
E       - waiting 20ms
E       2 × waiting for element to be visible, enabled and editable
E         - element is not visible
E       - retrying fill action
E         - waiting 100ms
E       59 × waiting for element to be visible, enabled and editable
E          - element is not visible
E        - retrying fill action
E          - waiting 500ms</failure></testcase><testcase classname="tests.test_webpages_playwright.TestLuckyGasWebpages" name="test_responsive_design[viewport0]" time="0.068"><failure message="TypeError: Page.set_viewport_size() got an unexpected keyword argument 'width'">tests/test_webpages_playwright.py:161: in test_responsive_design
    page.set_viewport_size(width=viewport["width"], height=viewport["height"])
E   TypeError: Page.set_viewport_size() got an unexpected keyword argument 'width'</failure></testcase><testcase classname="tests.test_webpages_playwright.TestLuckyGasWebpages" name="test_responsive_design[viewport1]" time="0.028"><failure message="TypeError: Page.set_viewport_size() got an unexpected keyword argument 'width'">tests/test_webpages_playwright.py:161: in test_responsive_design
    page.set_viewport_size(width=viewport["width"], height=viewport["height"])
E   TypeError: Page.set_viewport_size() got an unexpected keyword argument 'width'</failure></testcase><testcase classname="tests.test_webpages_playwright.TestLuckyGasWebpages" name="test_responsive_design[viewport2]" time="0.027"><failure message="TypeError: Page.set_viewport_size() got an unexpected keyword argument 'width'">tests/test_webpages_playwright.py:161: in test_responsive_design
    page.set_viewport_size(width=viewport["width"], height=viewport["height"])
E   TypeError: Page.set_viewport_size() got an unexpected keyword argument 'width'</failure></testcase><testcase classname="tests.test_webpages_playwright.TestLuckyGasWebpages" name="test_responsive_design[viewport3]" time="0.025"><failure message="TypeError: Page.set_viewport_size() got an unexpected keyword argument 'width'">tests/test_webpages_playwright.py:161: in test_responsive_design
    page.set_viewport_size(width=viewport["width"], height=viewport["height"])
E   TypeError: Page.set_viewport_size() got an unexpected keyword argument 'width'</failure></testcase><testcase classname="tests.test_webpages_playwright.TestLuckyGasWebpages" name="test_api_integration" time="2.886"><failure message="AssertionError: No API calls detected from frontend&#10;assert 0 &gt; 0&#10; +  where 0 = len([])">tests/test_webpages_playwright.py:196: in test_api_integration
    assert len(api_calls) &gt; 0, "No API calls detected from frontend"
E   AssertionError: No API calls detected from frontend
E   assert 0 &gt; 0
E    +  where 0 = len([])</failure></testcase><testcase classname="tests.test_webpages_playwright.TestLuckyGasWebpages" name="test_form_validation" time="30.900"><failure message="playwright._impl._errors.TimeoutError: Locator.click: Timeout 30000ms exceeded.&#10;Call log:&#10;  - waiting for locator(&quot;button:has-text('新增')&quot;).first&#10;    - locator resolved to &lt;button onclick=&quot;showAddClientModal()&quot; class=&quot;bg-blue-600 text-white px-4 py-2 rounded hover:bg-blue-700 transition&quot;&gt;…&lt;/button&gt;&#10;  - attempting click action&#10;    2 × waiting for element to be visible, enabled and stable&#10;      - element is not visible&#10;    - retrying click action&#10;    - waiting 20ms&#10;    2 × waiting for element to be visible, enabled and stable&#10;      - element is not visible&#10;    - retrying click action&#10;      - waiting 100ms&#10;    54 × waiting for element to be visible, enabled and stable&#10;       - element is not visible&#10;     - retrying click action&#10;       - waiting 500ms">tests/test_webpages_playwright.py:213: in test_form_validation
    add_button.click()
.venv/lib/python3.12/site-packages/playwright/sync_api/_generated.py:15505: in click
    self._sync(
.venv/lib/python3.12/site-packages/playwright/_impl/_locator.py:160: in click
    return await self._frame.click(self._selector, strict=True, **params)
.venv/lib/python3.12/site-packages/playwright/_impl/_frame.py:521: in click
    await self._channel.send("click", self._timeout, locals_to_params(locals()))
.venv/lib/python3.12/site-packages/playwright/_impl/_connection.py:69: in send
    return await self._connection.wrap_api_call(
.venv/lib/python3.12/site-packages/playwright/_impl/_connection.py:558: in wrap_api_call
    raise rewrite_error(error, f"{parsed_st['apiName']}: {error}") from None
E   playwright._impl._errors.TimeoutError: Locator.click: Timeout 30000ms exceeded.
E   Call log:
E     - waiting for locator("button:has-text('新增')").first
E       - locator resolved to &lt;button onclick="showAddClientModal()" class="bg-blue-600 text-white px-4 py-2 rounded hover:bg-blue-700 transition"&gt;…&lt;/button&gt;
E     - attempting click action
E       2 × waiting for element to be visible, enabled and stable
E         - element is not visible
E       - retrying click action
E       - waiting 20ms
E       2 × waiting for element to be visible, enabled and stable
E         - element is not visible
E       - retrying click action
E         - waiting 100ms
E       54 × waiting for element to be visible, enabled and stable
E          - element is not visible
E        - retrying click action
E          - waiting 500ms</failure></testcase><testcase classname="tests.test_webpages_playwright.TestLuckyGasWebpages" name="test_error_handling" time="0.391"><error message="failed on teardown with &quot;AttributeError: 'BrowserContext' object has no attribute 'evaluate'&quot;">tests/test_webpages_playwright.py:53: in browser_context
    coverage_data = context.evaluate("() =&gt; window.__coverage__")
E   AttributeError: 'BrowserContext' object has no attribute 'evaluate'</error></testcase></testsuite></testsuites>